0 info it worked if it ends with ok
1 verbose cli [ '/usr/local/bin/node',
1 verbose cli   '/usr/local/bin/npm',
1 verbose cli   'install',
1 verbose cli   '-g',
1 verbose cli   'ionic@alpha' ]
2 info using npm@3.8.3
3 info using node@v5.0.0
4 silly loadCurrentTree Starting
5 silly install loadCurrentTree
6 silly install readGlobalPackageData
7 silly fetchPackageMetaData ionic@alpha
8 silly fetchNamedPackageData ionic
9 silly mapToRegistry name ionic
10 silly mapToRegistry using default registry
11 silly mapToRegistry registry https://registry.npmjs.org/
12 silly mapToRegistry data Result {
12 silly mapToRegistry   raw: 'ionic',
12 silly mapToRegistry   scope: null,
12 silly mapToRegistry   name: 'ionic',
12 silly mapToRegistry   rawSpec: '',
12 silly mapToRegistry   spec: 'latest',
12 silly mapToRegistry   type: 'tag' }
13 silly mapToRegistry uri https://registry.npmjs.org/ionic
14 verbose request uri https://registry.npmjs.org/ionic
15 verbose request no auth needed
16 info attempt registry request try #1 at 11:17:24 AM
17 verbose request id 3a0efb8f54a9adf6
18 verbose etag "31UIOUW0DCB8SFC453X7NSDB5"
19 http request GET https://registry.npmjs.org/ionic
20 http 304 https://registry.npmjs.org/ionic
21 verbose headers { date: 'Fri, 25 Mar 2016 09:17:24 GMT',
21 verbose headers   via: '1.1 varnish',
21 verbose headers   'cache-control': 'max-age=300',
21 verbose headers   etag: '"31UIOUW0DCB8SFC453X7NSDB5"',
21 verbose headers   age: '165',
21 verbose headers   connection: 'keep-alive',
21 verbose headers   'x-served-by': 'cache-ams4130-AMS',
21 verbose headers   'x-cache': 'HIT',
21 verbose headers   'x-cache-hits': '2',
21 verbose headers   'x-timer': 'S1458897444.518263,VS0,VE0',
21 verbose headers   vary: 'Accept' }
22 silly get cb [ 304,
22 silly get   { date: 'Fri, 25 Mar 2016 09:17:24 GMT',
22 silly get     via: '1.1 varnish',
22 silly get     'cache-control': 'max-age=300',
22 silly get     etag: '"31UIOUW0DCB8SFC453X7NSDB5"',
22 silly get     age: '165',
22 silly get     connection: 'keep-alive',
22 silly get     'x-served-by': 'cache-ams4130-AMS',
22 silly get     'x-cache': 'HIT',
22 silly get     'x-cache-hits': '2',
22 silly get     'x-timer': 'S1458897444.518263,VS0,VE0',
22 silly get     vary: 'Accept' } ]
23 verbose etag https://registry.npmjs.org/ionic from cache
24 verbose get saving ionic to /Users/vladimir/.npm/registry.npmjs.org/ionic/.cache.json
25 verbose correctMkdir /Users/vladimir/.npm correctMkdir not in flight; initializing
26 silly fetchPackageMetaData Error: No compatible version found: ionic@alpha
26 silly fetchPackageMetaData Valid install targets:
26 silly fetchPackageMetaData 2.0.0-beta.22, 2.0.0-beta.21, 2.0.0-beta.20, 2.0.0-beta.19, 2.0.0-beta.18, 2.0.0-beta.17, 2.0.0-beta.16, 2.0.0-beta.15, 2.0.0-beta.14, 2.0.0-beta.13, 2.0.0-beta.12, 2.0.0-beta.11, 2.0.0-beta.10, 2.0.0-beta.9, 2.0.0-beta.8, 2.0.0-beta.7, 2.0.0-beta.6, 2.0.0-beta.5, 2.0.0-beta.4, 2.0.0-beta.3, 2.0.0-beta.2, 2.0.0-beta.1, 2.0.0-alpha.25, 2.0.0-alpha.24, 2.0.0-alpha.23, 2.0.0-alpha.22, 2.0.0-alpha.21, 2.0.0-alpha.20, 2.0.0-alpha.19, 2.0.0-alpha.18, 2.0.0-alpha.17, 2.0.0-alpha.16, 2.0.0-alpha.15, 2.0.0-alpha.14, 2.0.0-alpha.13, 2.0.0-alpha.12, 2.0.0-alpha.11, 2.0.0-alpha.10, 2.0.0-alpha.9, 2.0.0-alpha.8, 2.0.0-alpha.7, 2.0.0-alpha.6, 2.0.0-alpha.5, 2.0.0-alpha.4, 2.0.0-alpha.3, 2.0.0-alpha.1, 1.7.14, 1.7.13, 1.7.12, 1.7.11, 1.7.10, 1.7.9, 1.7.8, 1.7.8-beta.3, 1.7.8-beta.2, 1.7.8-beta.1, 1.7.8-beta.0, 1.7.7, 1.7.7-beta.0, 1.7.6, 1.7.5, 1.7.4, 1.7.3, 1.7.2, 1.7.1, 1.7.0, 1.7.0-beta.6, 1.7.0-beta.5, 1.7.0-beta.4, 1.7.0-beta.3, 1.7.0-beta.2, 1.7.0-beta.1, 1.7.0-beta.0, 1.6.5, 1.6.5-testing.3, 1.6.5-testing.2, 1.6.5-testing.1, 1.6.5-testing.0, 1.6.4, 1.6.4-beta.1, 1.6.4-beta.0, 1.6.3, 1.6.3-beta.1, 1.6.3-beta.0, 1.6.2, 1.6.2-beta.2, 1.6.2-beta.1, 1.6.2-beta.0, 1.6.1, 1.6.0, 1.6.0-beta.1, 1.5.5, 1.5.4, 1.5.3, 1.5.2, 1.5.1, 1.5.1-beta.4, 1.5.1-beta.3, 1.5.1-beta.2, 1.5.1-beta.1, 1.5.1-beta.0, 1.5.0, 1.5.0-beta.1, 1.5.0-beta.0, 1.4.8, 1.4.7, 1.4.6, 1.4.6-beta.0, 1.4.5, 1.4.5-beta.3, 1.4.5-beta.2, 1.4.5-beta.1, 1.4.5-beta.0, 1.4.4, 1.4.4-beta.2, 1.4.4-beta.0, 1.4.3, 1.4.2, 1.4.1, 1.4.1-beta.0, 1.4.0, 1.4.0-beta.18, 1.4.0-beta.17, 1.4.0-beta.16, 1.4.0-beta.15, 1.4.0-beta.14, 1.4.0-beta.13, 1.4.0-beta.12, 1.4.0-beta.11, 1.4.0-beta.10, 1.4.0-beta.9, 1.4.0-beta.8, 1.4.0-beta.7, 1.4.0-beta.6, 1.4.0-beta.5, 1.4.0-beta.3, 1.4.0-beta.2, 1.4.0-beta.1, 1.4.0-alpha.6, 1.4.0-alpha.5, 1.4.0-alpha.4, 1.4.0-alpha.3, 1.4.0-alpha.2, 1.4.0-alpha.1, 1.3.22, 1.3.21, 1.3.21-beta.1, 1.3.21-beta.0, 1.3.20, 1.3.19, 1.3.19-beta.4, 1.3.19-beta.3, 1.3.19-beta.2, 1.3.19-beta.1, 1.3.19-beta.0, 1.3.18, 1.3.18-beta.3, 1.3.18-beta.2, 1.3.18-beta.1, 1.3.18-beta.0, 1.3.17, 1.3.17-beta.3, 1.3.17-beta.2, 1.3.17-beta.1, 1.3.17-beta.0, 1.3.16, 1.3.15, 1.3.15-beta.4, 1.3.15-beta.3, 1.3.15-beta.2, 1.3.15-beta.1, 1.3.15-beta.0, 1.3.14, 1.3.14-beta.1, 1.3.14-beta, 1.3.13, 1.3.13-beta.0, 1.3.12, 1.3.12-beta.2, 1.3.12-beta.1, 1.3.11, 1.3.10, 1.3.9, 1.3.8, 1.3.7, 1.3.6, 1.3.5, 1.3.4, 1.3.3, 1.3.2, 1.3.1, 1.3.1-7.beta.4, 1.3.1-3.beta.4, 1.3.1-3.beta.2, 1.3.1-3.beta.1, 1.3.1-1.alpha.0, 1.3.0, 1.3.0-beta1, 1.2.14, 1.2.14-beta6, 1.2.14-beta5, 1.2.14-beta4, 1.2.14-beta3, 1.2.14-beta2, 1.2.14-beta1, 1.2.13, 1.2.12, 1.2.11, 1.2.10, 1.2.9, 1.2.8, 1.2.8-beta2, 1.2.8-beta1, 1.2.7, 1.2.6, 1.2.6-beta3, 1.2.6-beta2, 1.2.6-beta1, 1.2.5, 1.2.5-beta3, 1.2.5-beta2, 1.2.5-beta1, 1.2.4, 1.2.4-beta3, 1.2.4-beta2, 1.2.4-beta1, 1.2.3, 1.2.3-beta3, 1.2.3-beta2, 1.2.3-beta1, 1.2.2, 1.2.1, 1.2.1-beta4, 1.2.1-beta3, 1.2.1-beta2, 1.2.1-beta1, 1.2.0, 1.2.0-beta1, 1.1.14-beta3, 1.1.14-beta2, 1.1.14-beta1, 1.1.13, 1.1.12, 1.1.12-beta3, 1.1.12-beta2, 1.1.12-beta1, 1.1.11, 1.1.11-beta2, 1.1.11-beta1, 1.1.10, 1.1.9, 1.1.9-beta1, 1.1.8, 1.1.8-beta5, 1.1.8-beta4, 1.1.8-beta3, 1.1.8-beta2, 1.1.8-beta1, 1.1.7, 1.1.7-beta1, 1.1.6, 1.1.5, 1.1.5-beta5, 1.1.5-beta4, 1.1.5-beta3, 1.1.5-beta2, 1.1.5-beta1, 1.1.4, 1.1.3, 1.1.1, 1.1.1-beta3, 1.1.1-beta2, 1.1.1-beta1, 1.1.0, 1.1.0-beta6, 1.1.0-beta5, 1.1.0-beta4, 1.1.0-beta3, 1.1.0-beta2, 1.1.0-beta1, 1.0.17, 1.0.16, 1.0.15, 1.0.14, 1.0.13, 1.0.12, 1.0.11, 1.0.10, 1.0.9, 1.0.8, 1.0.7, 1.0.6, 1.0.5, 1.0.4, 1.0.3-beta, 1.0.1-beta, 1.0.0-beta.1, 1.0.0-beta, 0.9.16, 0.9.15, 0.9.14, 0.9.13, 0.9.12, 0.9.11, 0.9.10, 0.9.9, 0.9.8, 0.9.6
26 silly fetchPackageMetaData
26 silly fetchPackageMetaData     at pickVersionFromRegistryDocument (/usr/local/lib/node_modules/npm/lib/fetch-package-metadata.js:156:16)
26 silly fetchPackageMetaData     at /usr/local/lib/node_modules/npm/node_modules/iferr/index.js:13:50
26 silly fetchPackageMetaData     at /usr/local/lib/node_modules/npm/lib/utils/pulse-till-done.js:19:8
26 silly fetchPackageMetaData     at saved (/usr/local/lib/node_modules/npm/lib/cache/caching-client.js:168:7)
26 silly fetchPackageMetaData     at /usr/local/lib/node_modules/npm/node_modules/graceful-fs/polyfills.js:210:7
26 silly fetchPackageMetaData     at FSReqWrap.oncomplete (fs.js:82:15)
26 silly fetchPackageMetaData  error for ionic@alpha [Error: No compatible version found: ionic@alpha
26 silly fetchPackageMetaData Valid install targets:
26 silly fetchPackageMetaData 2.0.0-beta.22, 2.0.0-beta.21, 2.0.0-beta.20, 2.0.0-beta.19, 2.0.0-beta.18, 2.0.0-beta.17, 2.0.0-beta.16, 2.0.0-beta.15, 2.0.0-beta.14, 2.0.0-beta.13, 2.0.0-beta.12, 2.0.0-beta.11, 2.0.0-beta.10, 2.0.0-beta.9, 2.0.0-beta.8, 2.0.0-beta.7, 2.0.0-beta.6, 2.0.0-beta.5, 2.0.0-beta.4, 2.0.0-beta.3, 2.0.0-beta.2, 2.0.0-beta.1, 2.0.0-alpha.25, 2.0.0-alpha.24, 2.0.0-alpha.23, 2.0.0-alpha.22, 2.0.0-alpha.21, 2.0.0-alpha.20, 2.0.0-alpha.19, 2.0.0-alpha.18, 2.0.0-alpha.17, 2.0.0-alpha.16, 2.0.0-alpha.15, 2.0.0-alpha.14, 2.0.0-alpha.13, 2.0.0-alpha.12, 2.0.0-alpha.11, 2.0.0-alpha.10, 2.0.0-alpha.9, 2.0.0-alpha.8, 2.0.0-alpha.7, 2.0.0-alpha.6, 2.0.0-alpha.5, 2.0.0-alpha.4, 2.0.0-alpha.3, 2.0.0-alpha.1, 1.7.14, 1.7.13, 1.7.12, 1.7.11, 1.7.10, 1.7.9, 1.7.8, 1.7.8-beta.3, 1.7.8-beta.2, 1.7.8-beta.1, 1.7.8-beta.0, 1.7.7, 1.7.7-beta.0, 1.7.6, 1.7.5, 1.7.4, 1.7.3, 1.7.2, 1.7.1, 1.7.0, 1.7.0-beta.6, 1.7.0-beta.5, 1.7.0-beta.4, 1.7.0-beta.3, 1.7.0-beta.2, 1.7.0-beta.1, 1.7.0-beta.0, 1.6.5, 1.6.5-testing.3, 1.6.5-testing.2, 1.6.5-testing.1, 1.6.5-testing.0, 1.6.4, 1.6.4-beta.1, 1.6.4-beta.0, 1.6.3, 1.6.3-beta.1, 1.6.3-beta.0, 1.6.2, 1.6.2-beta.2, 1.6.2-beta.1, 1.6.2-beta.0, 1.6.1, 1.6.0, 1.6.0-beta.1, 1.5.5, 1.5.4, 1.5.3, 1.5.2, 1.5.1, 1.5.1-beta.4, 1.5.1-beta.3, 1.5.1-beta.2, 1.5.1-beta.1, 1.5.1-beta.0, 1.5.0, 1.5.0-beta.1, 1.5.0-beta.0, 1.4.8, 1.4.7, 1.4.6, 1.4.6-beta.0, 1.4.5, 1.4.5-beta.3, 1.4.5-beta.2, 1.4.5-beta.1, 1.4.5-beta.0, 1.4.4, 1.4.4-beta.2, 1.4.4-beta.0, 1.4.3, 1.4.2, 1.4.1, 1.4.1-beta.0, 1.4.0, 1.4.0-beta.18, 1.4.0-beta.17, 1.4.0-beta.16, 1.4.0-beta.15, 1.4.0-beta.14, 1.4.0-beta.13, 1.4.0-beta.12, 1.4.0-beta.11, 1.4.0-beta.10, 1.4.0-beta.9, 1.4.0-beta.8, 1.4.0-beta.7, 1.4.0-beta.6, 1.4.0-beta.5, 1.4.0-beta.3, 1.4.0-beta.2, 1.4.0-beta.1, 1.4.0-alpha.6, 1.4.0-alpha.5, 1.4.0-alpha.4, 1.4.0-alpha.3, 1.4.0-alpha.2, 1.4.0-alpha.1, 1.3.22, 1.3.21, 1.3.21-beta.1, 1.3.21-beta.0, 1.3.20, 1.3.19, 1.3.19-beta.4, 1.3.19-beta.3, 1.3.19-beta.2, 1.3.19-beta.1, 1.3.19-beta.0, 1.3.18, 1.3.18-beta.3, 1.3.18-beta.2, 1.3.18-beta.1, 1.3.18-beta.0, 1.3.17, 1.3.17-beta.3, 1.3.17-beta.2, 1.3.17-beta.1, 1.3.17-beta.0, 1.3.16, 1.3.15, 1.3.15-beta.4, 1.3.15-beta.3, 1.3.15-beta.2, 1.3.15-beta.1, 1.3.15-beta.0, 1.3.14, 1.3.14-beta.1, 1.3.14-beta, 1.3.13, 1.3.13-beta.0, 1.3.12, 1.3.12-beta.2, 1.3.12-beta.1, 1.3.11, 1.3.10, 1.3.9, 1.3.8, 1.3.7, 1.3.6, 1.3.5, 1.3.4, 1.3.3, 1.3.2, 1.3.1, 1.3.1-7.beta.4, 1.3.1-3.beta.4, 1.3.1-3.beta.2, 1.3.1-3.beta.1, 1.3.1-1.alpha.0, 1.3.0, 1.3.0-beta1, 1.2.14, 1.2.14-beta6, 1.2.14-beta5, 1.2.14-beta4, 1.2.14-beta3, 1.2.14-beta2, 1.2.14-beta1, 1.2.13, 1.2.12, 1.2.11, 1.2.10, 1.2.9, 1.2.8, 1.2.8-beta2, 1.2.8-beta1, 1.2.7, 1.2.6, 1.2.6-beta3, 1.2.6-beta2, 1.2.6-beta1, 1.2.5, 1.2.5-beta3, 1.2.5-beta2, 1.2.5-beta1, 1.2.4, 1.2.4-beta3, 1.2.4-beta2, 1.2.4-beta1, 1.2.3, 1.2.3-beta3, 1.2.3-beta2, 1.2.3-beta1, 1.2.2, 1.2.1, 1.2.1-beta4, 1.2.1-beta3, 1.2.1-beta2, 1.2.1-beta1, 1.2.0, 1.2.0-beta1, 1.1.14-beta3, 1.1.14-beta2, 1.1.14-beta1, 1.1.13, 1.1.12, 1.1.12-beta3, 1.1.12-beta2, 1.1.12-beta1, 1.1.11, 1.1.11-beta2, 1.1.11-beta1, 1.1.10, 1.1.9, 1.1.9-beta1, 1.1.8, 1.1.8-beta5, 1.1.8-beta4, 1.1.8-beta3, 1.1.8-beta2, 1.1.8-beta1, 1.1.7, 1.1.7-beta1, 1.1.6, 1.1.5, 1.1.5-beta5, 1.1.5-beta4, 1.1.5-beta3, 1.1.5-beta2, 1.1.5-beta1, 1.1.4, 1.1.3, 1.1.1, 1.1.1-beta3, 1.1.1-beta2, 1.1.1-beta1, 1.1.0, 1.1.0-beta6, 1.1.0-beta5, 1.1.0-beta4, 1.1.0-beta3, 1.1.0-beta2, 1.1.0-beta1, 1.0.17, 1.0.16, 1.0.15, 1.0.14, 1.0.13, 1.0.12, 1.0.11, 1.0.10, 1.0.9, 1.0.8, 1.0.7, 1.0.6, 1.0.5, 1.0.4, 1.0.3-beta, 1.0.1-beta, 1.0.0-beta.1, 1.0.0-beta, 0.9.16, 0.9.15, 0.9.14, 0.9.13, 0.9.12, 0.9.11, 0.9.10, 0.9.9, 0.9.8, 0.9.6
26 silly fetchPackageMetaData ]
27 silly rollbackFailedOptional Starting
28 silly rollbackFailedOptional Finishing
29 silly runTopLevelLifecycles Starting
30 silly runTopLevelLifecycles Finishing
31 silly install printInstalled
32 verbose stack Error: No compatible version found: ionic@alpha
32 verbose stack Valid install targets:
32 verbose stack 2.0.0-beta.22, 2.0.0-beta.21, 2.0.0-beta.20, 2.0.0-beta.19, 2.0.0-beta.18, 2.0.0-beta.17, 2.0.0-beta.16, 2.0.0-beta.15, 2.0.0-beta.14, 2.0.0-beta.13, 2.0.0-beta.12, 2.0.0-beta.11, 2.0.0-beta.10, 2.0.0-beta.9, 2.0.0-beta.8, 2.0.0-beta.7, 2.0.0-beta.6, 2.0.0-beta.5, 2.0.0-beta.4, 2.0.0-beta.3, 2.0.0-beta.2, 2.0.0-beta.1, 2.0.0-alpha.25, 2.0.0-alpha.24, 2.0.0-alpha.23, 2.0.0-alpha.22, 2.0.0-alpha.21, 2.0.0-alpha.20, 2.0.0-alpha.19, 2.0.0-alpha.18, 2.0.0-alpha.17, 2.0.0-alpha.16, 2.0.0-alpha.15, 2.0.0-alpha.14, 2.0.0-alpha.13, 2.0.0-alpha.12, 2.0.0-alpha.11, 2.0.0-alpha.10, 2.0.0-alpha.9, 2.0.0-alpha.8, 2.0.0-alpha.7, 2.0.0-alpha.6, 2.0.0-alpha.5, 2.0.0-alpha.4, 2.0.0-alpha.3, 2.0.0-alpha.1, 1.7.14, 1.7.13, 1.7.12, 1.7.11, 1.7.10, 1.7.9, 1.7.8, 1.7.8-beta.3, 1.7.8-beta.2, 1.7.8-beta.1, 1.7.8-beta.0, 1.7.7, 1.7.7-beta.0, 1.7.6, 1.7.5, 1.7.4, 1.7.3, 1.7.2, 1.7.1, 1.7.0, 1.7.0-beta.6, 1.7.0-beta.5, 1.7.0-beta.4, 1.7.0-beta.3, 1.7.0-beta.2, 1.7.0-beta.1, 1.7.0-beta.0, 1.6.5, 1.6.5-testing.3, 1.6.5-testing.2, 1.6.5-testing.1, 1.6.5-testing.0, 1.6.4, 1.6.4-beta.1, 1.6.4-beta.0, 1.6.3, 1.6.3-beta.1, 1.6.3-beta.0, 1.6.2, 1.6.2-beta.2, 1.6.2-beta.1, 1.6.2-beta.0, 1.6.1, 1.6.0, 1.6.0-beta.1, 1.5.5, 1.5.4, 1.5.3, 1.5.2, 1.5.1, 1.5.1-beta.4, 1.5.1-beta.3, 1.5.1-beta.2, 1.5.1-beta.1, 1.5.1-beta.0, 1.5.0, 1.5.0-beta.1, 1.5.0-beta.0, 1.4.8, 1.4.7, 1.4.6, 1.4.6-beta.0, 1.4.5, 1.4.5-beta.3, 1.4.5-beta.2, 1.4.5-beta.1, 1.4.5-beta.0, 1.4.4, 1.4.4-beta.2, 1.4.4-beta.0, 1.4.3, 1.4.2, 1.4.1, 1.4.1-beta.0, 1.4.0, 1.4.0-beta.18, 1.4.0-beta.17, 1.4.0-beta.16, 1.4.0-beta.15, 1.4.0-beta.14, 1.4.0-beta.13, 1.4.0-beta.12, 1.4.0-beta.11, 1.4.0-beta.10, 1.4.0-beta.9, 1.4.0-beta.8, 1.4.0-beta.7, 1.4.0-beta.6, 1.4.0-beta.5, 1.4.0-beta.3, 1.4.0-beta.2, 1.4.0-beta.1, 1.4.0-alpha.6, 1.4.0-alpha.5, 1.4.0-alpha.4, 1.4.0-alpha.3, 1.4.0-alpha.2, 1.4.0-alpha.1, 1.3.22, 1.3.21, 1.3.21-beta.1, 1.3.21-beta.0, 1.3.20, 1.3.19, 1.3.19-beta.4, 1.3.19-beta.3, 1.3.19-beta.2, 1.3.19-beta.1, 1.3.19-beta.0, 1.3.18, 1.3.18-beta.3, 1.3.18-beta.2, 1.3.18-beta.1, 1.3.18-beta.0, 1.3.17, 1.3.17-beta.3, 1.3.17-beta.2, 1.3.17-beta.1, 1.3.17-beta.0, 1.3.16, 1.3.15, 1.3.15-beta.4, 1.3.15-beta.3, 1.3.15-beta.2, 1.3.15-beta.1, 1.3.15-beta.0, 1.3.14, 1.3.14-beta.1, 1.3.14-beta, 1.3.13, 1.3.13-beta.0, 1.3.12, 1.3.12-beta.2, 1.3.12-beta.1, 1.3.11, 1.3.10, 1.3.9, 1.3.8, 1.3.7, 1.3.6, 1.3.5, 1.3.4, 1.3.3, 1.3.2, 1.3.1, 1.3.1-7.beta.4, 1.3.1-3.beta.4, 1.3.1-3.beta.2, 1.3.1-3.beta.1, 1.3.1-1.alpha.0, 1.3.0, 1.3.0-beta1, 1.2.14, 1.2.14-beta6, 1.2.14-beta5, 1.2.14-beta4, 1.2.14-beta3, 1.2.14-beta2, 1.2.14-beta1, 1.2.13, 1.2.12, 1.2.11, 1.2.10, 1.2.9, 1.2.8, 1.2.8-beta2, 1.2.8-beta1, 1.2.7, 1.2.6, 1.2.6-beta3, 1.2.6-beta2, 1.2.6-beta1, 1.2.5, 1.2.5-beta3, 1.2.5-beta2, 1.2.5-beta1, 1.2.4, 1.2.4-beta3, 1.2.4-beta2, 1.2.4-beta1, 1.2.3, 1.2.3-beta3, 1.2.3-beta2, 1.2.3-beta1, 1.2.2, 1.2.1, 1.2.1-beta4, 1.2.1-beta3, 1.2.1-beta2, 1.2.1-beta1, 1.2.0, 1.2.0-beta1, 1.1.14-beta3, 1.1.14-beta2, 1.1.14-beta1, 1.1.13, 1.1.12, 1.1.12-beta3, 1.1.12-beta2, 1.1.12-beta1, 1.1.11, 1.1.11-beta2, 1.1.11-beta1, 1.1.10, 1.1.9, 1.1.9-beta1, 1.1.8, 1.1.8-beta5, 1.1.8-beta4, 1.1.8-beta3, 1.1.8-beta2, 1.1.8-beta1, 1.1.7, 1.1.7-beta1, 1.1.6, 1.1.5, 1.1.5-beta5, 1.1.5-beta4, 1.1.5-beta3, 1.1.5-beta2, 1.1.5-beta1, 1.1.4, 1.1.3, 1.1.1, 1.1.1-beta3, 1.1.1-beta2, 1.1.1-beta1, 1.1.0, 1.1.0-beta6, 1.1.0-beta5, 1.1.0-beta4, 1.1.0-beta3, 1.1.0-beta2, 1.1.0-beta1, 1.0.17, 1.0.16, 1.0.15, 1.0.14, 1.0.13, 1.0.12, 1.0.11, 1.0.10, 1.0.9, 1.0.8, 1.0.7, 1.0.6, 1.0.5, 1.0.4, 1.0.3-beta, 1.0.1-beta, 1.0.0-beta.1, 1.0.0-beta, 0.9.16, 0.9.15, 0.9.14, 0.9.13, 0.9.12, 0.9.11, 0.9.10, 0.9.9, 0.9.8, 0.9.6
32 verbose stack
32 verbose stack     at pickVersionFromRegistryDocument (/usr/local/lib/node_modules/npm/lib/fetch-package-metadata.js:156:16)
32 verbose stack     at /usr/local/lib/node_modules/npm/node_modules/iferr/index.js:13:50
32 verbose stack     at /usr/local/lib/node_modules/npm/lib/utils/pulse-till-done.js:19:8
32 verbose stack     at saved (/usr/local/lib/node_modules/npm/lib/cache/caching-client.js:168:7)
32 verbose stack     at /usr/local/lib/node_modules/npm/node_modules/graceful-fs/polyfills.js:210:7
32 verbose stack     at FSReqWrap.oncomplete (fs.js:82:15)
33 verbose cwd /Users/vladimir/www/hoelzle/www/testWebpack
34 error Darwin 15.3.0
35 error argv "/usr/local/bin/node" "/usr/local/bin/npm" "install" "-g" "ionic@alpha"
36 error node v5.0.0
37 error npm  v3.8.3
38 error No compatible version found: ionic@alpha
38 error Valid install targets:
38 error 2.0.0-beta.22, 2.0.0-beta.21, 2.0.0-beta.20, 2.0.0-beta.19, 2.0.0-beta.18, 2.0.0-beta.17, 2.0.0-beta.16, 2.0.0-beta.15, 2.0.0-beta.14, 2.0.0-beta.13, 2.0.0-beta.12, 2.0.0-beta.11, 2.0.0-beta.10, 2.0.0-beta.9, 2.0.0-beta.8, 2.0.0-beta.7, 2.0.0-beta.6, 2.0.0-beta.5, 2.0.0-beta.4, 2.0.0-beta.3, 2.0.0-beta.2, 2.0.0-beta.1, 2.0.0-alpha.25, 2.0.0-alpha.24, 2.0.0-alpha.23, 2.0.0-alpha.22, 2.0.0-alpha.21, 2.0.0-alpha.20, 2.0.0-alpha.19, 2.0.0-alpha.18, 2.0.0-alpha.17, 2.0.0-alpha.16, 2.0.0-alpha.15, 2.0.0-alpha.14, 2.0.0-alpha.13, 2.0.0-alpha.12, 2.0.0-alpha.11, 2.0.0-alpha.10, 2.0.0-alpha.9, 2.0.0-alpha.8, 2.0.0-alpha.7, 2.0.0-alpha.6, 2.0.0-alpha.5, 2.0.0-alpha.4, 2.0.0-alpha.3, 2.0.0-alpha.1, 1.7.14, 1.7.13, 1.7.12, 1.7.11, 1.7.10, 1.7.9, 1.7.8, 1.7.8-beta.3, 1.7.8-beta.2, 1.7.8-beta.1, 1.7.8-beta.0, 1.7.7, 1.7.7-beta.0, 1.7.6, 1.7.5, 1.7.4, 1.7.3, 1.7.2, 1.7.1, 1.7.0, 1.7.0-beta.6, 1.7.0-beta.5, 1.7.0-beta.4, 1.7.0-beta.3, 1.7.0-beta.2, 1.7.0-beta.1, 1.7.0-beta.0, 1.6.5, 1.6.5-testing.3, 1.6.5-testing.2, 1.6.5-testing.1, 1.6.5-testing.0, 1.6.4, 1.6.4-beta.1, 1.6.4-beta.0, 1.6.3, 1.6.3-beta.1, 1.6.3-beta.0, 1.6.2, 1.6.2-beta.2, 1.6.2-beta.1, 1.6.2-beta.0, 1.6.1, 1.6.0, 1.6.0-beta.1, 1.5.5, 1.5.4, 1.5.3, 1.5.2, 1.5.1, 1.5.1-beta.4, 1.5.1-beta.3, 1.5.1-beta.2, 1.5.1-beta.1, 1.5.1-beta.0, 1.5.0, 1.5.0-beta.1, 1.5.0-beta.0, 1.4.8, 1.4.7, 1.4.6, 1.4.6-beta.0, 1.4.5, 1.4.5-beta.3, 1.4.5-beta.2, 1.4.5-beta.1, 1.4.5-beta.0, 1.4.4, 1.4.4-beta.2, 1.4.4-beta.0, 1.4.3, 1.4.2, 1.4.1, 1.4.1-beta.0, 1.4.0, 1.4.0-beta.18, 1.4.0-beta.17, 1.4.0-beta.16, 1.4.0-beta.15, 1.4.0-beta.14, 1.4.0-beta.13, 1.4.0-beta.12, 1.4.0-beta.11, 1.4.0-beta.10, 1.4.0-beta.9, 1.4.0-beta.8, 1.4.0-beta.7, 1.4.0-beta.6, 1.4.0-beta.5, 1.4.0-beta.3, 1.4.0-beta.2, 1.4.0-beta.1, 1.4.0-alpha.6, 1.4.0-alpha.5, 1.4.0-alpha.4, 1.4.0-alpha.3, 1.4.0-alpha.2, 1.4.0-alpha.1, 1.3.22, 1.3.21, 1.3.21-beta.1, 1.3.21-beta.0, 1.3.20, 1.3.19, 1.3.19-beta.4, 1.3.19-beta.3, 1.3.19-beta.2, 1.3.19-beta.1, 1.3.19-beta.0, 1.3.18, 1.3.18-beta.3, 1.3.18-beta.2, 1.3.18-beta.1, 1.3.18-beta.0, 1.3.17, 1.3.17-beta.3, 1.3.17-beta.2, 1.3.17-beta.1, 1.3.17-beta.0, 1.3.16, 1.3.15, 1.3.15-beta.4, 1.3.15-beta.3, 1.3.15-beta.2, 1.3.15-beta.1, 1.3.15-beta.0, 1.3.14, 1.3.14-beta.1, 1.3.14-beta, 1.3.13, 1.3.13-beta.0, 1.3.12, 1.3.12-beta.2, 1.3.12-beta.1, 1.3.11, 1.3.10, 1.3.9, 1.3.8, 1.3.7, 1.3.6, 1.3.5, 1.3.4, 1.3.3, 1.3.2, 1.3.1, 1.3.1-7.beta.4, 1.3.1-3.beta.4, 1.3.1-3.beta.2, 1.3.1-3.beta.1, 1.3.1-1.alpha.0, 1.3.0, 1.3.0-beta1, 1.2.14, 1.2.14-beta6, 1.2.14-beta5, 1.2.14-beta4, 1.2.14-beta3, 1.2.14-beta2, 1.2.14-beta1, 1.2.13, 1.2.12, 1.2.11, 1.2.10, 1.2.9, 1.2.8, 1.2.8-beta2, 1.2.8-beta1, 1.2.7, 1.2.6, 1.2.6-beta3, 1.2.6-beta2, 1.2.6-beta1, 1.2.5, 1.2.5-beta3, 1.2.5-beta2, 1.2.5-beta1, 1.2.4, 1.2.4-beta3, 1.2.4-beta2, 1.2.4-beta1, 1.2.3, 1.2.3-beta3, 1.2.3-beta2, 1.2.3-beta1, 1.2.2, 1.2.1, 1.2.1-beta4, 1.2.1-beta3, 1.2.1-beta2, 1.2.1-beta1, 1.2.0, 1.2.0-beta1, 1.1.14-beta3, 1.1.14-beta2, 1.1.14-beta1, 1.1.13, 1.1.12, 1.1.12-beta3, 1.1.12-beta2, 1.1.12-beta1, 1.1.11, 1.1.11-beta2, 1.1.11-beta1, 1.1.10, 1.1.9, 1.1.9-beta1, 1.1.8, 1.1.8-beta5, 1.1.8-beta4, 1.1.8-beta3, 1.1.8-beta2, 1.1.8-beta1, 1.1.7, 1.1.7-beta1, 1.1.6, 1.1.5, 1.1.5-beta5, 1.1.5-beta4, 1.1.5-beta3, 1.1.5-beta2, 1.1.5-beta1, 1.1.4, 1.1.3, 1.1.1, 1.1.1-beta3, 1.1.1-beta2, 1.1.1-beta1, 1.1.0, 1.1.0-beta6, 1.1.0-beta5, 1.1.0-beta4, 1.1.0-beta3, 1.1.0-beta2, 1.1.0-beta1, 1.0.17, 1.0.16, 1.0.15, 1.0.14, 1.0.13, 1.0.12, 1.0.11, 1.0.10, 1.0.9, 1.0.8, 1.0.7, 1.0.6, 1.0.5, 1.0.4, 1.0.3-beta, 1.0.1-beta, 1.0.0-beta.1, 1.0.0-beta, 0.9.16, 0.9.15, 0.9.14, 0.9.13, 0.9.12, 0.9.11, 0.9.10, 0.9.9, 0.9.8, 0.9.6
39 error If you need help, you may report this error at:
39 error     <https://github.com/npm/npm/issues>
40 verbose exit [ 1, true ]
